2019-10-27 07:48:35,941 Инициализирован класс для работы с Postgres
2019-10-27 07:48:35,942 Инициализирован класс для работы с Redis
2019-10-27 07:48:35,944 Приложение инициализировано
2019-10-27 07:48:41,340 Поступил запрос по пользователю user_id=1
2019-10-27 07:48:41,431 Профиль пользователя user_id=1 присутствует в кеше
2019-10-27 07:48:41,436 Поступил запрос по пользователю user_id=1
2019-10-27 07:48:41,445 Профиль пользователя user_id=1 присутствует в кеше
2019-10-27 07:48:41,522 Поступил запрос по пользователю user_id=1
2019-10-27 07:48:41,533 Профиль пользователя user_id=1 присутствует в кеше
2019-10-27 07:48:47,320 Поступил запрос по пользователю user_id=2
2019-10-27 07:48:47,323 Профиль пользователя user_id=2 присутствует в кеше
2019-10-27 07:48:47,329 Поступил запрос по пользователю user_id=2
2019-10-27 07:48:47,334 Профиль пользователя user_id=2 присутствует в кеше
2019-10-27 07:48:47,392 Поступил запрос по пользователю user_id=2
2019-10-27 07:48:47,399 Профиль пользователя user_id=2 присутствует в кеше
2019-10-27 07:48:49,778 Поступил запрос по пользователю user_id=3
2019-10-27 07:48:49,785 Профиль пользователя user_id=3 присутствует в кеше
2019-10-27 07:48:49,911 Поступил запрос по пользователю user_id=3
2019-10-27 07:48:49,918 Профиль пользователя user_id=3 присутствует в кеше
2019-10-27 07:48:53,346 Поступил запрос по пользователю user_id=4
2019-10-27 07:48:53,351 Профиль пользователя user_id=4 присутствует в кеше
2019-10-27 07:48:53,480 Поступил запрос по пользователю user_id=4
2019-10-27 07:48:53,483 Профиль пользователя user_id=4 присутствует в кеше
2019-10-27 07:49:11,234 Поступил запрос по пользователю user_id=5
2019-10-27 07:49:11,272 Профиль пользователя user_id=5 отсутствует в кеше, выполняем запрос к Postgres
2019-10-27 07:49:12,057 Сохраняем профиль пользователя user_id=5 в Redis-кеш
2019-10-27 07:49:12,143 Поступил запрос по пользователю user_id=5
2019-10-27 07:49:12,149 Профиль пользователя user_id=5 присутствует в кеше
2019-10-27 07:49:15,722 Поступил запрос по пользователю user_id=6
2019-10-27 07:49:15,732 Профиль пользователя user_id=6 отсутствует в кеше, выполняем запрос к Postgres
2019-10-27 07:49:16,078 Сохраняем профиль пользователя user_id=6 в Redis-кеш
2019-10-27 07:49:16,172 Поступил запрос по пользователю user_id=6
2019-10-27 07:49:16,178 Профиль пользователя user_id=6 присутствует в кеше
2019-10-27 07:49:22,889 Поступил запрос по пользователю user_id=1
2019-10-27 07:49:22,896 Профиль пользователя user_id=1 присутствует в кеше
2019-10-27 07:49:22,904 Поступил запрос по пользователю user_id=1
2019-10-27 07:49:22,913 Профиль пользователя user_id=1 присутствует в кеше
2019-10-27 07:49:23,742 Поступил запрос по пользователю user_id=1
2019-10-27 07:49:23,747 Профиль пользователя user_id=1 присутствует в кеше
2019-10-27 07:50:20,169 Инициализирован класс для работы с Postgres
2019-10-27 07:50:20,170 Инициализирован класс для работы с Redis
2019-10-27 07:50:20,171 Приложение инициализировано
2019-10-27 07:50:38,874 Поступил запрос по пользователю user_id=1
2019-10-27 07:50:38,969 Профиль пользователя user_id=1 присутствует в кеше
2019-10-27 07:50:39,071 Поступил запрос по пользователю user_id=1
2019-10-27 07:50:39,084 Профиль пользователя user_id=1 присутствует в кеше
2019-10-27 07:51:18,579 Поступил запрос по пользователю user_id=2
2019-10-27 07:51:18,583 Профиль пользователя user_id=2 присутствует в кеше
2019-10-27 07:51:18,757 Поступил запрос по пользователю user_id=2
2019-10-27 07:51:18,762 Профиль пользователя user_id=2 присутствует в кеше
2019-10-27 07:52:07,836 Поступил запрос по пользователю user_id=1
2019-10-27 07:52:07,845 Профиль пользователя user_id=1 присутствует в кеше
2019-10-27 07:52:07,859 Поступил запрос по пользователю user_id=1
2019-10-27 07:52:07,863 Профиль пользователя user_id=1 присутствует в кеше
2019-10-27 07:52:07,945 Поступил запрос по пользователю user_id=1
2019-10-27 07:52:07,950 Профиль пользователя user_id=1 присутствует в кеше
2019-10-27 07:52:13,601 Поступил запрос по пользователю user_id=2
2019-10-27 07:52:13,607 Профиль пользователя user_id=2 присутствует в кеше
2019-10-27 07:52:13,616 Поступил запрос по пользователю user_id=2
2019-10-27 07:52:13,623 Профиль пользователя user_id=2 присутствует в кеше
2019-10-27 07:52:13,692 Поступил запрос по пользователю user_id=2
2019-10-27 07:52:13,695 Профиль пользователя user_id=2 присутствует в кеше
2019-10-27 07:53:23,679 Поступил запрос по пользователю user_id=2
2019-10-27 07:53:23,686 Профиль пользователя user_id=2 присутствует в кеше
2019-10-27 07:53:23,708 Поступил запрос по пользователю user_id=2
2019-10-27 07:53:23,720 Профиль пользователя user_id=2 присутствует в кеше
2019-10-27 07:53:24,107 Поступил запрос по пользователю user_id=2
2019-10-27 07:53:24,110 Профиль пользователя user_id=2 присутствует в кеше
